Copyright 1986-2017 Xilinx, Inc. All Rights Reserved.
-------------------------------------------------------------------------------------------
| Tool Version : Vivado v.2017.4 (win64) Build 2086221 Fri Dec 15 20:55:39 MST 2017
| Date         : Thu Jun  2 14:56:34 2022
| Host         : DESKTOP-7Q7BIQ1 running 64-bit major release  (build 9200)
| Command      : report_control_sets -verbose -file MusicPLayerTop_control_sets_placed.rpt
| Design       : MusicPLayerTop
| Device       : xc7a200t
-------------------------------------------------------------------------------------------

Control Set Information

Table of Contents
-----------------
1. Summary
2. Flip-Flop Distribution
3. Detailed Control Set Information

1. Summary
----------

+----------------------------------------------------------+-------+
|                          Status                          | Count |
+----------------------------------------------------------+-------+
| Number of unique control sets                            |    18 |
| Unused register locations in slices containing registers |    49 |
+----------------------------------------------------------+-------+


2. Flip-Flop Distribution
-------------------------

+--------------+-----------------------+------------------------+-----------------+--------------+
| Clock Enable | Synchronous Set/Reset | Asynchronous Set/Reset | Total Registers | Total Slices |
+--------------+-----------------------+------------------------+-----------------+--------------+
| No           | No                    | No                     |              68 |           30 |
| No           | No                    | Yes                    |               0 |            0 |
| No           | Yes                   | No                     |              43 |           14 |
| Yes          | No                    | No                     |              26 |            8 |
| Yes          | No                    | Yes                    |               0 |            0 |
| Yes          | Yes                   | No                     |              54 |           16 |
+--------------+-----------------------+------------------------+-----------------+--------------+


3. Detailed Control Set Information
-----------------------------------

+--------------------------------------+---------------------------------------------------+-----------------------------------------------------------+------------------+----------------+
|             Clock Signal             |                   Enable Signal                   |                      Set/Reset Signal                     | Slice Load Count | Bel Load Count |
+--------------------------------------+---------------------------------------------------+-----------------------------------------------------------+------------------+----------------+
| ~AudioInterface_inst/LRCLK_OBUF_BUFG |                                                   |                                                           |                1 |              1 |
|  DCM_inst/inst/clk_out1              | music_player_inst/mcu1/NextSong                   | reset_IBUF                                                |                1 |              2 |
|  AudioInterface_inst/LRCLK_OBUF_BUFG |                                                   |                                                           |                2 |              3 |
|  DCM_inst/inst/clk_out1              | play_button_process_unit/debounce/div_inst/E[0]   | play_button_process_unit/debounce/state/SR[0]             |                1 |              4 |
|  DCM_inst/inst/clk_out1              | next_button_process_unit/debounce/div_inst/E[0]   | next_button_process_unit/debounce/state/SR[0]             |                1 |              4 |
|  DCM_inst/inst/clk_out1              |                                                   | music_player_inst/mcu1/SR[0]                              |                3 |              5 |
|  DCM_inst/inst/clk_out1              | music_player_inst/note_player1/E[0]               | music_player_inst/mcu1/SR[0]                              |                1 |              5 |
|  AudioInterface_inst/LRCLK_OBUF_BUFG | AudioInterface_inst/I2cInterface_inst/E[0]        | reset_IBUF                                                |                2 |              5 |
|  DCM_inst/inst/clk_out1              | music_player_inst/note_player1/dload/q[5]_i_2_n_0 | music_player_inst/mcu1/q_reg[5][0]                        |                1 |              6 |
|  DCM_inst/inst/clk_out1              | music_player_inst/simul1/dffre1/q_reg[1][0]       | music_player_inst/note_player1/song_timer/q[6]_i_1__1_n_0 |                2 |              6 |
|  AudioInterface_inst/LRCLK_OBUF_BUFG |                                                   | reset_IBUF                                                |                3 |              6 |
|  AudioInterface_inst/clk_IBUF_BUFG   |                                                   |                                                           |                2 |              8 |
|  DCM_inst/inst/clk_out1              |                                                   | play_button_process_unit/debounce/div_inst/E[0]           |                4 |             16 |
|  DCM_inst/inst/clk_out1              |                                                   | next_button_process_unit/debounce/div_inst/E[0]           |                4 |             16 |
| ~AudioInterface_inst/BCLK_OBUF_BUFG  |                                                   |                                                           |                5 |             16 |
|  DCM_inst/inst/clk_out1              | music_player_inst/simul1/dffre2/q_reg[21][0]      | music_player_inst/mcu1/q_reg[5][0]                        |                7 |             22 |
|  DCM_inst/inst/clk_out1              | music_player_inst/simul1/dffre1/ready             |                                                           |                8 |             26 |
|  DCM_inst/inst/clk_out1              |                                                   |                                                           |               20 |             40 |
+--------------------------------------+---------------------------------------------------+-----------------------------------------------------------+------------------+----------------+


+--------+-----------------------+
| Fanout | Number of ControlSets |
+--------+-----------------------+
| 1      |                     1 |
| 2      |                     1 |
| 3      |                     1 |
| 4      |                     2 |
| 5      |                     3 |
| 6      |                     3 |
| 8      |                     1 |
| 16+    |                     6 |
+--------+-----------------------+


